2020-03-11 08:05:12.353  INFO 680 --- [main] com.yu.arksys.ArkSysApplication          : Starting ArkSysApplication on RelcuaZ with PID 680 (F:\ideaProjs\ArkSys\target\classes started by TravisYT in F:\ideaProjs\ArkSys)
2020-03-11 08:05:12.363  INFO 680 --- [main] com.yu.arksys.ArkSysApplication          : No active profile set, falling back to default profiles: default
2020-03-11 08:05:13.117  WARN 680 --- [main] o.m.s.mapper.ClassPathMapperScanner      : No MyBatis mapper was found in '[com.yu.arksys.master.dao]' package. Please check your configuration.
2020-03-11 08:05:13.820  INFO 680 --- [main] o.s.b.w.embedded.tomcat.TomcatWebServer  : Tomcat initialized with port(s): 8888 (http)
2020-03-11 08:05:13.837  INFO 680 --- [main] o.apache.catalina.core.StandardService   : Starting service [Tomcat]
2020-03-11 08:05:13.838  INFO 680 --- [main] org.apache.catalina.core.StandardEngine  : Starting Servlet engine: [Apache Tomcat/9.0.29]
2020-03-11 08:05:13.917  INFO 680 --- [main] o.a.c.c.C.[Tomcat].[localhost].[/]       : Initializing Spring embedded WebApplicationContext
2020-03-11 08:05:13.917  INFO 680 --- [main] o.s.web.context.ContextLoader            : Root WebApplicationContext: initialization completed in 1492 ms
2020-03-11 08:05:13.966  INFO 680 --- [main] com.yu.arksys.service.api.Logger         : ======================= get logger from logger factory =========================
2020-03-11 08:05:14.408  INFO 680 --- [main] o.s.s.concurrent.ThreadPoolTaskExecutor  : Initializing ExecutorService 'applicationTaskExecutor'
2020-03-11 08:05:14.521  WARN 680 --- [main] org.thymeleaf.templatemode.TemplateMode  : [THYMELEAF][main] Template Mode 'LEGACYHTML5' is deprecated. Using Template Mode 'HTML' instead.
2020-03-11 08:05:14.619  INFO 680 --- [main] o.s.b.w.embedded.tomcat.TomcatWebServer  : Tomcat started on port(s): 8888 (http) with context path ''
2020-03-11 08:05:14.622  INFO 680 --- [main] com.yu.arksys.ArkSysApplication          : Started ArkSysApplication in 2.784 seconds (JVM running for 4.478)
2020-03-11 08:05:34.228  INFO 680 --- [http-nio-8888-exec-2] o.a.c.c.C.[Tomcat].[localhost].[/]       : Initializing Spring DispatcherServlet 'dispatcherServlet'
2020-03-11 08:05:34.229  INFO 680 --- [http-nio-8888-exec-2] o.s.web.servlet.DispatcherServlet        : Initializing Servlet 'dispatcherServlet'
2020-03-11 08:05:34.235  INFO 680 --- [http-nio-8888-exec-2] o.s.web.servlet.DispatcherServlet        : Completed initialization in 6 ms
2020-03-11 08:22:44.449  INFO 7880 --- [main] com.yu.arksys.ArkSysApplication          : Starting ArkSysApplication on RelcuaZ with PID 7880 (F:\ideaProjs\ArkSys\target\classes started by TravisYT in F:\ideaProjs\ArkSys)
2020-03-11 08:22:44.453  INFO 7880 --- [main] com.yu.arksys.ArkSysApplication          : No active profile set, falling back to default profiles: default
2020-03-11 08:22:45.304  WARN 7880 --- [main] o.m.s.mapper.ClassPathMapperScanner      : No MyBatis mapper was found in '[com.yu.arksys.master.dao]' package. Please check your configuration.
2020-03-11 08:22:46.136  INFO 7880 --- [main] o.s.b.w.embedded.tomcat.TomcatWebServer  : Tomcat initialized with port(s): 8888 (http)
2020-03-11 08:22:46.146  INFO 7880 --- [main] o.apache.catalina.core.StandardService   : Starting service [Tomcat]
2020-03-11 08:22:46.147  INFO 7880 --- [main] org.apache.catalina.core.StandardEngine  : Starting Servlet engine: [Apache Tomcat/9.0.29]
2020-03-11 08:22:46.232  INFO 7880 --- [main] o.a.c.c.C.[Tomcat].[localhost].[/]       : Initializing Spring embedded WebApplicationContext
2020-03-11 08:22:46.233  INFO 7880 --- [main] o.s.web.context.ContextLoader            : Root WebApplicationContext: initialization completed in 1718 ms
2020-03-11 08:22:46.278  INFO 7880 --- [main] com.yu.arksys.service.api.Logger         : ======================= get logger from logger factory =========================
2020-03-11 08:22:46.717  INFO 7880 --- [main] o.s.s.concurrent.ThreadPoolTaskExecutor  : Initializing ExecutorService 'applicationTaskExecutor'
2020-03-11 08:22:46.849  WARN 7880 --- [main] org.thymeleaf.templatemode.TemplateMode  : [THYMELEAF][main] Template Mode 'LEGACYHTML5' is deprecated. Using Template Mode 'HTML' instead.
2020-03-11 08:22:46.964  INFO 7880 --- [main] o.s.b.w.embedded.tomcat.TomcatWebServer  : Tomcat started on port(s): 8888 (http) with context path ''
2020-03-11 08:22:46.968  INFO 7880 --- [main] com.yu.arksys.ArkSysApplication          : Started ArkSysApplication in 3.099 seconds (JVM running for 4.674)
2020-03-11 08:22:52.473  INFO 7880 --- [http-nio-8888-exec-1] o.a.c.c.C.[Tomcat].[localhost].[/]       : Initializing Spring DispatcherServlet 'dispatcherServlet'
2020-03-11 08:22:52.474  INFO 7880 --- [http-nio-8888-exec-1] o.s.web.servlet.DispatcherServlet        : Initializing Servlet 'dispatcherServlet'
2020-03-11 08:22:52.479  INFO 7880 --- [http-nio-8888-exec-1] o.s.web.servlet.DispatcherServlet        : Completed initialization in 5 ms
2020-03-11 08:23:46.928  INFO 7880 --- [http-nio-8888-exec-4] com.zaxxer.hikari.HikariDataSource       : HikariPool-1 - Starting...
2020-03-11 08:23:47.035  INFO 7880 --- [http-nio-8888-exec-4] com.zaxxer.hikari.pool.PoolBase          : HikariPool-1 - Driver does not support get/set network timeout for connections. (com.microsoft.sqlserver.jdbc.SQLServerConnection.getNetworkTimeout()I)
2020-03-11 08:23:47.066  INFO 7880 --- [http-nio-8888-exec-4] com.zaxxer.hikari.HikariDataSource       : HikariPool-1 - Start completed.
2020-03-11 08:25:25.745  INFO 8384 --- [main] com.yu.arksys.ArkSysApplication          : Starting ArkSysApplication on RelcuaZ with PID 8384 (F:\ideaProjs\ArkSys\target\classes started by TravisYT in F:\ideaProjs\ArkSys)
2020-03-11 08:25:25.749  INFO 8384 --- [main] com.yu.arksys.ArkSysApplication          : No active profile set, falling back to default profiles: default
2020-03-11 08:25:26.276  WARN 8384 --- [main] o.m.s.mapper.ClassPathMapperScanner      : No MyBatis mapper was found in '[com.yu.arksys.master.dao]' package. Please check your configuration.
2020-03-11 08:25:26.820  INFO 8384 --- [main] o.s.b.w.embedded.tomcat.TomcatWebServer  : Tomcat initialized with port(s): 8888 (http)
2020-03-11 08:25:26.828  INFO 8384 --- [main] o.apache.catalina.core.StandardService   : Starting service [Tomcat]
2020-03-11 08:25:26.828  INFO 8384 --- [main] org.apache.catalina.core.StandardEngine  : Starting Servlet engine: [Apache Tomcat/9.0.29]
2020-03-11 08:25:26.901  INFO 8384 --- [main] o.a.c.c.C.[Tomcat].[localhost].[/]       : Initializing Spring embedded WebApplicationContext
2020-03-11 08:25:26.901  INFO 8384 --- [main] o.s.web.context.ContextLoader            : Root WebApplicationContext: initialization completed in 1107 ms
2020-03-11 08:25:26.936  INFO 8384 --- [main] com.yu.arksys.service.api.Logger         : ======================= get logger from logger factory =========================
2020-03-11 08:25:27.261  INFO 8384 --- [main] o.s.s.concurrent.ThreadPoolTaskExecutor  : Initializing ExecutorService 'applicationTaskExecutor'
2020-03-11 08:25:27.350  WARN 8384 --- [main] org.thymeleaf.templatemode.TemplateMode  : [THYMELEAF][main] Template Mode 'LEGACYHTML5' is deprecated. Using Template Mode 'HTML' instead.
2020-03-11 08:25:27.437  INFO 8384 --- [main] o.s.b.w.embedded.tomcat.TomcatWebServer  : Tomcat started on port(s): 8888 (http) with context path ''
2020-03-11 08:25:27.440  INFO 8384 --- [main] com.yu.arksys.ArkSysApplication          : Started ArkSysApplication in 2.095 seconds (JVM running for 3.476)
2020-03-11 08:25:30.718  INFO 8384 --- [http-nio-8888-exec-1] o.a.c.c.C.[Tomcat].[localhost].[/]       : Initializing Spring DispatcherServlet 'dispatcherServlet'
2020-03-11 08:25:30.718  INFO 8384 --- [http-nio-8888-exec-1] o.s.web.servlet.DispatcherServlet        : Initializing Servlet 'dispatcherServlet'
2020-03-11 08:25:30.724  INFO 8384 --- [http-nio-8888-exec-1] o.s.web.servlet.DispatcherServlet        : Completed initialization in 6 ms
2020-03-11 08:48:27.693  INFO 392 --- [main] com.yu.arksys.ArkSysApplication          : Starting ArkSysApplication on RelcuaZ with PID 392 (F:\ideaProjs\ArkSys\target\classes started by TravisYT in F:\ideaProjs\ArkSys)
2020-03-11 08:48:27.697  INFO 392 --- [main] com.yu.arksys.ArkSysApplication          : No active profile set, falling back to default profiles: default
2020-03-11 08:48:28.249  WARN 392 --- [main] o.m.s.mapper.ClassPathMapperScanner      : No MyBatis mapper was found in '[com.yu.arksys.master.dao]' package. Please check your configuration.
2020-03-11 08:48:28.811  INFO 392 --- [main] o.s.b.w.embedded.tomcat.TomcatWebServer  : Tomcat initialized with port(s): 8888 (http)
2020-03-11 08:48:28.818  INFO 392 --- [main] o.apache.catalina.core.StandardService   : Starting service [Tomcat]
2020-03-11 08:48:28.819  INFO 392 --- [main] org.apache.catalina.core.StandardEngine  : Starting Servlet engine: [Apache Tomcat/9.0.29]
2020-03-11 08:48:28.892  INFO 392 --- [main] o.a.c.c.C.[Tomcat].[localhost].[/]       : Initializing Spring embedded WebApplicationContext
2020-03-11 08:48:28.892  INFO 392 --- [main] o.s.web.context.ContextLoader            : Root WebApplicationContext: initialization completed in 1141 ms
2020-03-11 08:48:28.931  INFO 392 --- [main] com.yu.arksys.service.api.Logger         : ======================= get logger from logger factory =========================
2020-03-11 08:48:29.273  INFO 392 --- [main] o.s.s.concurrent.ThreadPoolTaskExecutor  : Initializing ExecutorService 'applicationTaskExecutor'
2020-03-11 08:48:29.366  WARN 392 --- [main] org.thymeleaf.templatemode.TemplateMode  : [THYMELEAF][main] Template Mode 'LEGACYHTML5' is deprecated. Using Template Mode 'HTML' instead.
2020-03-11 08:48:29.447  INFO 392 --- [main] o.s.b.w.embedded.tomcat.TomcatWebServer  : Tomcat started on port(s): 8888 (http) with context path ''
2020-03-11 08:48:29.450  INFO 392 --- [main] com.yu.arksys.ArkSysApplication          : Started ArkSysApplication in 2.171 seconds (JVM running for 3.642)
2020-03-11 08:48:32.795  INFO 392 --- [http-nio-8888-exec-1] o.a.c.c.C.[Tomcat].[localhost].[/]       : Initializing Spring DispatcherServlet 'dispatcherServlet'
2020-03-11 08:48:32.796  INFO 392 --- [http-nio-8888-exec-1] o.s.web.servlet.DispatcherServlet        : Initializing Servlet 'dispatcherServlet'
2020-03-11 08:48:32.802  INFO 392 --- [http-nio-8888-exec-1] o.s.web.servlet.DispatcherServlet        : Completed initialization in 6 ms
2020-03-11 08:48:33.421  INFO 392 --- [http-nio-8888-exec-2] com.zaxxer.hikari.HikariDataSource       : HikariPool-1 - Starting...
2020-03-11 08:48:33.510  INFO 392 --- [http-nio-8888-exec-2] com.zaxxer.hikari.pool.PoolBase          : HikariPool-1 - Driver does not support get/set network timeout for connections. (com.microsoft.sqlserver.jdbc.SQLServerConnection.getNetworkTimeout()I)
2020-03-11 08:48:33.538  INFO 392 --- [http-nio-8888-exec-2] com.zaxxer.hikari.HikariDataSource       : HikariPool-1 - Start completed.
2020-03-11 09:31:56.735  INFO 11732 --- [main] com.yu.arksys.ArkSysApplication          : Starting ArkSysApplication on RelcuaZ with PID 11732 (F:\ideaProjs\ArkSys\target\classes started by TravisYT in F:\ideaProjs\ArkSys)
2020-03-11 09:31:56.739  INFO 11732 --- [main] com.yu.arksys.ArkSysApplication          : No active profile set, falling back to default profiles: default
2020-03-11 09:31:57.259  WARN 11732 --- [main] o.m.s.mapper.ClassPathMapperScanner      : No MyBatis mapper was found in '[com.yu.arksys.master.dao]' package. Please check your configuration.
2020-03-11 09:31:57.837  INFO 11732 --- [main] o.s.b.w.embedded.tomcat.TomcatWebServer  : Tomcat initialized with port(s): 8888 (http)
2020-03-11 09:31:57.845  INFO 11732 --- [main] o.apache.catalina.core.StandardService   : Starting service [Tomcat]
2020-03-11 09:31:57.845  INFO 11732 --- [main] org.apache.catalina.core.StandardEngine  : Starting Servlet engine: [Apache Tomcat/9.0.29]
2020-03-11 09:31:57.923  INFO 11732 --- [main] o.a.c.c.C.[Tomcat].[localhost].[/]       : Initializing Spring embedded WebApplicationContext
2020-03-11 09:31:57.924  INFO 11732 --- [main] o.s.web.context.ContextLoader            : Root WebApplicationContext: initialization completed in 1126 ms
2020-03-11 09:31:57.971  INFO 11732 --- [main] com.yu.arksys.service.api.Logger         : ======================= get logger from logger factory =========================
2020-03-11 09:31:58.347  INFO 11732 --- [main] o.s.s.concurrent.ThreadPoolTaskExecutor  : Initializing ExecutorService 'applicationTaskExecutor'
2020-03-11 09:31:58.444  WARN 11732 --- [main] org.thymeleaf.templatemode.TemplateMode  : [THYMELEAF][main] Template Mode 'LEGACYHTML5' is deprecated. Using Template Mode 'HTML' instead.
2020-03-11 09:31:58.536  INFO 11732 --- [main] o.s.b.w.embedded.tomcat.TomcatWebServer  : Tomcat started on port(s): 8888 (http) with context path ''
2020-03-11 09:31:58.539  INFO 11732 --- [main] com.yu.arksys.ArkSysApplication          : Started ArkSysApplication in 2.206 seconds (JVM running for 3.612)
2020-03-11 09:32:03.141  INFO 11732 --- [http-nio-8888-exec-1] o.a.c.c.C.[Tomcat].[localhost].[/]       : Initializing Spring DispatcherServlet 'dispatcherServlet'
2020-03-11 09:32:03.141  INFO 11732 --- [http-nio-8888-exec-1] o.s.web.servlet.DispatcherServlet        : Initializing Servlet 'dispatcherServlet'
2020-03-11 09:32:03.146  INFO 11732 --- [http-nio-8888-exec-1] o.s.web.servlet.DispatcherServlet        : Completed initialization in 5 ms
2020-03-11 09:32:03.754  INFO 11732 --- [http-nio-8888-exec-3] com.zaxxer.hikari.HikariDataSource       : HikariPool-1 - Starting...
2020-03-11 09:32:03.836  INFO 11732 --- [http-nio-8888-exec-3] com.zaxxer.hikari.pool.PoolBase          : HikariPool-1 - Driver does not support get/set network timeout for connections. (com.microsoft.sqlserver.jdbc.SQLServerConnection.getNetworkTimeout()I)
2020-03-11 09:32:03.866  INFO 11732 --- [http-nio-8888-exec-3] com.zaxxer.hikari.HikariDataSource       : HikariPool-1 - Start completed.
2020-03-11 09:35:37.194  INFO 12980 --- [main] com.yu.arksys.ArkSysApplication          : Starting ArkSysApplication on RelcuaZ with PID 12980 (F:\ideaProjs\ArkSys\target\classes started by TravisYT in F:\ideaProjs\ArkSys)
2020-03-11 09:35:37.197  INFO 12980 --- [main] com.yu.arksys.ArkSysApplication          : No active profile set, falling back to default profiles: default
2020-03-11 09:35:37.716  WARN 12980 --- [main] o.m.s.mapper.ClassPathMapperScanner      : No MyBatis mapper was found in '[com.yu.arksys.master.dao]' package. Please check your configuration.
2020-03-11 09:35:38.245  INFO 12980 --- [main] o.s.b.w.embedded.tomcat.TomcatWebServer  : Tomcat initialized with port(s): 8888 (http)
2020-03-11 09:35:38.252  INFO 12980 --- [main] o.apache.catalina.core.StandardService   : Starting service [Tomcat]
2020-03-11 09:35:38.257  INFO 12980 --- [main] org.apache.catalina.core.StandardEngine  : Starting Servlet engine: [Apache Tomcat/9.0.29]
2020-03-11 09:35:38.326  INFO 12980 --- [main] o.a.c.c.C.[Tomcat].[localhost].[/]       : Initializing Spring embedded WebApplicationContext
2020-03-11 09:35:38.326  INFO 12980 --- [main] o.s.web.context.ContextLoader            : Root WebApplicationContext: initialization completed in 1081 ms
2020-03-11 09:35:38.363  INFO 12980 --- [main] com.yu.arksys.service.api.Logger         : ======================= get logger from logger factory =========================
2020-03-11 09:35:38.703  INFO 12980 --- [main] o.s.s.concurrent.ThreadPoolTaskExecutor  : Initializing ExecutorService 'applicationTaskExecutor'
2020-03-11 09:35:38.796  WARN 12980 --- [main] org.thymeleaf.templatemode.TemplateMode  : [THYMELEAF][main] Template Mode 'LEGACYHTML5' is deprecated. Using Template Mode 'HTML' instead.
2020-03-11 09:35:38.882  INFO 12980 --- [main] o.s.b.w.embedded.tomcat.TomcatWebServer  : Tomcat started on port(s): 8888 (http) with context path ''
2020-03-11 09:35:38.884  INFO 12980 --- [main] com.yu.arksys.ArkSysApplication          : Started ArkSysApplication in 2.105 seconds (JVM running for 3.502)
2020-03-11 09:35:42.164  INFO 12980 --- [http-nio-8888-exec-1] o.a.c.c.C.[Tomcat].[localhost].[/]       : Initializing Spring DispatcherServlet 'dispatcherServlet'
2020-03-11 09:35:42.165  INFO 12980 --- [http-nio-8888-exec-1] o.s.web.servlet.DispatcherServlet        : Initializing Servlet 'dispatcherServlet'
2020-03-11 09:35:42.171  INFO 12980 --- [http-nio-8888-exec-1] o.s.web.servlet.DispatcherServlet        : Completed initialization in 6 ms
2020-03-11 09:35:42.756  INFO 12980 --- [http-nio-8888-exec-2] com.zaxxer.hikari.HikariDataSource       : HikariPool-1 - Starting...
2020-03-11 09:35:42.879  INFO 12980 --- [http-nio-8888-exec-2] com.zaxxer.hikari.pool.PoolBase          : HikariPool-1 - Driver does not support get/set network timeout for connections. (com.microsoft.sqlserver.jdbc.SQLServerConnection.getNetworkTimeout()I)
2020-03-11 09:35:42.908  INFO 12980 --- [http-nio-8888-exec-2] com.zaxxer.hikari.HikariDataSource       : HikariPool-1 - Start completed.
2020-03-11 10:18:27.542  INFO 6228 --- [main] com.yu.arksys.ArkSysApplication          : Starting ArkSysApplication on RelcuaZ with PID 6228 (F:\ideaProjs\ArkSys\target\classes started by TravisYT in F:\ideaProjs\ArkSys)
2020-03-11 10:18:27.546  INFO 6228 --- [main] com.yu.arksys.ArkSysApplication          : No active profile set, falling back to default profiles: default
2020-03-11 10:18:28.095  WARN 6228 --- [main] o.m.s.mapper.ClassPathMapperScanner      : No MyBatis mapper was found in '[com.yu.arksys.master.dao]' package. Please check your configuration.
2020-03-11 10:18:28.662  INFO 6228 --- [main] o.s.b.w.embedded.tomcat.TomcatWebServer  : Tomcat initialized with port(s): 8888 (http)
2020-03-11 10:18:28.671  INFO 6228 --- [main] o.apache.catalina.core.StandardService   : Starting service [Tomcat]
2020-03-11 10:18:28.672  INFO 6228 --- [main] org.apache.catalina.core.StandardEngine  : Starting Servlet engine: [Apache Tomcat/9.0.29]
2020-03-11 10:18:28.747  INFO 6228 --- [main] o.a.c.c.C.[Tomcat].[localhost].[/]       : Initializing Spring embedded WebApplicationContext
2020-03-11 10:18:28.748  INFO 6228 --- [main] o.s.web.context.ContextLoader            : Root WebApplicationContext: initialization completed in 1147 ms
2020-03-11 10:18:28.789  INFO 6228 --- [main] com.yu.arksys.service.api.Logger         : ======================= get logger from logger factory =========================
2020-03-11 10:18:29.130  INFO 6228 --- [main] o.s.s.concurrent.ThreadPoolTaskExecutor  : Initializing ExecutorService 'applicationTaskExecutor'
2020-03-11 10:18:29.229  WARN 6228 --- [main] org.thymeleaf.templatemode.TemplateMode  : [THYMELEAF][main] Template Mode 'LEGACYHTML5' is deprecated. Using Template Mode 'HTML' instead.
2020-03-11 10:18:29.312  INFO 6228 --- [main] o.s.b.w.embedded.tomcat.TomcatWebServer  : Tomcat started on port(s): 8888 (http) with context path ''
2020-03-11 10:18:29.315  INFO 6228 --- [main] com.yu.arksys.ArkSysApplication          : Started ArkSysApplication in 2.199 seconds (JVM running for 3.604)
2020-03-11 10:18:34.179  INFO 6228 --- [http-nio-8888-exec-1] o.a.c.c.C.[Tomcat].[localhost].[/]       : Initializing Spring DispatcherServlet 'dispatcherServlet'
2020-03-11 10:18:34.180  INFO 6228 --- [http-nio-8888-exec-1] o.s.web.servlet.DispatcherServlet        : Initializing Servlet 'dispatcherServlet'
2020-03-11 10:18:34.185  INFO 6228 --- [http-nio-8888-exec-1] o.s.web.servlet.DispatcherServlet        : Completed initialization in 5 ms
2020-03-11 10:18:34.781  INFO 6228 --- [http-nio-8888-exec-2] com.zaxxer.hikari.HikariDataSource       : HikariPool-1 - Starting...
2020-03-11 10:18:34.929  INFO 6228 --- [http-nio-8888-exec-2] com.zaxxer.hikari.pool.PoolBase          : HikariPool-1 - Driver does not support get/set network timeout for connections. (com.microsoft.sqlserver.jdbc.SQLServerConnection.getNetworkTimeout()I)
2020-03-11 10:18:34.968  INFO 6228 --- [http-nio-8888-exec-2] com.zaxxer.hikari.HikariDataSource       : HikariPool-1 - Start completed.
2020-03-11 10:24:05.991  INFO 2972 --- [main] com.yu.arksys.ArkSysApplication          : Starting ArkSysApplication on RelcuaZ with PID 2972 (F:\ideaProjs\ArkSys\target\classes started by TravisYT in F:\ideaProjs\ArkSys)
2020-03-11 10:24:05.996  INFO 2972 --- [main] com.yu.arksys.ArkSysApplication          : No active profile set, falling back to default profiles: default
2020-03-11 10:24:06.535  WARN 2972 --- [main] o.m.s.mapper.ClassPathMapperScanner      : No MyBatis mapper was found in '[com.yu.arksys.master.dao]' package. Please check your configuration.
2020-03-11 10:24:07.079  INFO 2972 --- [main] o.s.b.w.embedded.tomcat.TomcatWebServer  : Tomcat initialized with port(s): 8888 (http)
2020-03-11 10:24:07.087  INFO 2972 --- [main] o.apache.catalina.core.StandardService   : Starting service [Tomcat]
2020-03-11 10:24:07.087  INFO 2972 --- [main] org.apache.catalina.core.StandardEngine  : Starting Servlet engine: [Apache Tomcat/9.0.29]
2020-03-11 10:24:07.161  INFO 2972 --- [main] o.a.c.c.C.[Tomcat].[localhost].[/]       : Initializing Spring embedded WebApplicationContext
2020-03-11 10:24:07.161  INFO 2972 --- [main] o.s.web.context.ContextLoader            : Root WebApplicationContext: initialization completed in 1110 ms
2020-03-11 10:24:07.197  INFO 2972 --- [main] com.yu.arksys.service.api.Logger         : ======================= get logger from logger factory =========================
2020-03-11 10:24:07.512  INFO 2972 --- [main] o.s.s.concurrent.ThreadPoolTaskExecutor  : Initializing ExecutorService 'applicationTaskExecutor'
2020-03-11 10:24:07.606  WARN 2972 --- [main] org.thymeleaf.templatemode.TemplateMode  : [THYMELEAF][main] Template Mode 'LEGACYHTML5' is deprecated. Using Template Mode 'HTML' instead.
2020-03-11 10:24:07.694  INFO 2972 --- [main] o.s.b.w.embedded.tomcat.TomcatWebServer  : Tomcat started on port(s): 8888 (http) with context path ''
2020-03-11 10:24:07.696  INFO 2972 --- [main] com.yu.arksys.ArkSysApplication          : Started ArkSysApplication in 2.215 seconds (JVM running for 3.656)
2020-03-11 10:24:12.569  INFO 2972 --- [http-nio-8888-exec-1] o.a.c.c.C.[Tomcat].[localhost].[/]       : Initializing Spring DispatcherServlet 'dispatcherServlet'
2020-03-11 10:24:12.570  INFO 2972 --- [http-nio-8888-exec-1] o.s.web.servlet.DispatcherServlet        : Initializing Servlet 'dispatcherServlet'
2020-03-11 10:24:12.574  INFO 2972 --- [http-nio-8888-exec-1] o.s.web.servlet.DispatcherServlet        : Completed initialization in 4 ms
2020-03-11 10:24:13.215  INFO 2972 --- [http-nio-8888-exec-7] com.zaxxer.hikari.HikariDataSource       : HikariPool-1 - Starting...
2020-03-11 10:24:13.400  INFO 2972 --- [http-nio-8888-exec-7] com.zaxxer.hikari.pool.PoolBase          : HikariPool-1 - Driver does not support get/set network timeout for connections. (com.microsoft.sqlserver.jdbc.SQLServerConnection.getNetworkTimeout()I)
2020-03-11 10:24:13.432  INFO 2972 --- [http-nio-8888-exec-7] com.zaxxer.hikari.HikariDataSource       : HikariPool-1 - Start completed.
2020-03-11 10:34:18.526  INFO 13064 --- [main] com.yu.arksys.ArkSysApplication          : Starting ArkSysApplication on RelcuaZ with PID 13064 (F:\ideaProjs\ArkSys\target\classes started by TravisYT in F:\ideaProjs\ArkSys)
2020-03-11 10:34:18.530  INFO 13064 --- [main] com.yu.arksys.ArkSysApplication          : No active profile set, falling back to default profiles: default
2020-03-11 10:34:19.030  WARN 13064 --- [main] o.m.s.mapper.ClassPathMapperScanner      : No MyBatis mapper was found in '[com.yu.arksys.master.dao]' package. Please check your configuration.
2020-03-11 10:34:19.545  INFO 13064 --- [main] o.s.b.w.embedded.tomcat.TomcatWebServer  : Tomcat initialized with port(s): 8888 (http)
2020-03-11 10:34:19.553  INFO 13064 --- [main] o.apache.catalina.core.StandardService   : Starting service [Tomcat]
2020-03-11 10:34:19.553  INFO 13064 --- [main] org.apache.catalina.core.StandardEngine  : Starting Servlet engine: [Apache Tomcat/9.0.29]
2020-03-11 10:34:19.623  INFO 13064 --- [main] o.a.c.c.C.[Tomcat].[localhost].[/]       : Initializing Spring embedded WebApplicationContext
2020-03-11 10:34:19.624  INFO 13064 --- [main] o.s.web.context.ContextLoader            : Root WebApplicationContext: initialization completed in 1038 ms
2020-03-11 10:34:19.660  INFO 13064 --- [main] com.yu.arksys.service.api.Logger         : ======================= get logger from logger factory =========================
2020-03-11 10:34:19.989  INFO 13064 --- [main] o.s.s.concurrent.ThreadPoolTaskExecutor  : Initializing ExecutorService 'applicationTaskExecutor'
2020-03-11 10:34:20.086  WARN 13064 --- [main] org.thymeleaf.templatemode.TemplateMode  : [THYMELEAF][main] Template Mode 'LEGACYHTML5' is deprecated. Using Template Mode 'HTML' instead.
2020-03-11 10:34:20.172  INFO 13064 --- [main] o.s.b.w.embedded.tomcat.TomcatWebServer  : Tomcat started on port(s): 8888 (http) with context path ''
2020-03-11 10:34:20.175  INFO 13064 --- [main] com.yu.arksys.ArkSysApplication          : Started ArkSysApplication in 2.056 seconds (JVM running for 3.491)
2020-03-11 10:34:27.686  INFO 13064 --- [http-nio-8888-exec-1] o.a.c.c.C.[Tomcat].[localhost].[/]       : Initializing Spring DispatcherServlet 'dispatcherServlet'
2020-03-11 10:34:27.687  INFO 13064 --- [http-nio-8888-exec-1] o.s.web.servlet.DispatcherServlet        : Initializing Servlet 'dispatcherServlet'
2020-03-11 10:34:27.694  INFO 13064 --- [http-nio-8888-exec-1] o.s.web.servlet.DispatcherServlet        : Completed initialization in 7 ms
2020-03-11 10:34:28.417  INFO 13064 --- [http-nio-8888-exec-7] com.zaxxer.hikari.HikariDataSource       : HikariPool-1 - Starting...
2020-03-11 10:34:28.503  INFO 13064 --- [http-nio-8888-exec-7] com.zaxxer.hikari.pool.PoolBase          : HikariPool-1 - Driver does not support get/set network timeout for connections. (com.microsoft.sqlserver.jdbc.SQLServerConnection.getNetworkTimeout()I)
2020-03-11 10:34:28.531  INFO 13064 --- [http-nio-8888-exec-7] com.zaxxer.hikari.HikariDataSource       : HikariPool-1 - Start completed.
2020-03-11 10:36:54.234  INFO 9568 --- [main] com.yu.arksys.ArkSysApplication          : Starting ArkSysApplication on RelcuaZ with PID 9568 (F:\ideaProjs\ArkSys\target\classes started by TravisYT in F:\ideaProjs\ArkSys)
2020-03-11 10:36:54.237  INFO 9568 --- [main] com.yu.arksys.ArkSysApplication          : No active profile set, falling back to default profiles: default
2020-03-11 10:36:54.741  WARN 9568 --- [main] o.m.s.mapper.ClassPathMapperScanner      : No MyBatis mapper was found in '[com.yu.arksys.master.dao]' package. Please check your configuration.
2020-03-11 10:36:55.323  INFO 9568 --- [main] o.s.b.w.embedded.tomcat.TomcatWebServer  : Tomcat initialized with port(s): 8888 (http)
2020-03-11 10:36:55.331  INFO 9568 --- [main] o.apache.catalina.core.StandardService   : Starting service [Tomcat]
2020-03-11 10:36:55.336  INFO 9568 --- [main] org.apache.catalina.core.StandardEngine  : Starting Servlet engine: [Apache Tomcat/9.0.29]
2020-03-11 10:36:55.412  INFO 9568 --- [main] o.a.c.c.C.[Tomcat].[localhost].[/]       : Initializing Spring embedded WebApplicationContext
2020-03-11 10:36:55.412  INFO 9568 --- [main] o.s.web.context.ContextLoader            : Root WebApplicationContext: initialization completed in 1134 ms
2020-03-11 10:36:55.448  INFO 9568 --- [main] com.yu.arksys.service.api.Logger         : ======================= get logger from logger factory =========================
2020-03-11 10:36:55.781  INFO 9568 --- [main] o.s.s.concurrent.ThreadPoolTaskExecutor  : Initializing ExecutorService 'applicationTaskExecutor'
2020-03-11 10:36:55.884  WARN 9568 --- [main] org.thymeleaf.templatemode.TemplateMode  : [THYMELEAF][main] Template Mode 'LEGACYHTML5' is deprecated. Using Template Mode 'HTML' instead.
2020-03-11 10:36:55.974  INFO 9568 --- [main] o.s.b.w.embedded.tomcat.TomcatWebServer  : Tomcat started on port(s): 8888 (http) with context path ''
2020-03-11 10:36:55.977  INFO 9568 --- [main] com.yu.arksys.ArkSysApplication          : Started ArkSysApplication in 2.13 seconds (JVM running for 3.546)
2020-03-11 10:36:58.219  INFO 9568 --- [http-nio-8888-exec-1] o.a.c.c.C.[Tomcat].[localhost].[/]       : Initializing Spring DispatcherServlet 'dispatcherServlet'
2020-03-11 10:36:58.219  INFO 9568 --- [http-nio-8888-exec-1] o.s.web.servlet.DispatcherServlet        : Initializing Servlet 'dispatcherServlet'
2020-03-11 10:36:58.224  INFO 9568 --- [http-nio-8888-exec-1] o.s.web.servlet.DispatcherServlet        : Completed initialization in 5 ms
2020-03-11 10:36:58.806  INFO 9568 --- [http-nio-8888-exec-2] com.zaxxer.hikari.HikariDataSource       : HikariPool-1 - Starting...
2020-03-11 10:36:58.930  INFO 9568 --- [http-nio-8888-exec-2] com.zaxxer.hikari.pool.PoolBase          : HikariPool-1 - Driver does not support get/set network timeout for connections. (com.microsoft.sqlserver.jdbc.SQLServerConnection.getNetworkTimeout()I)
2020-03-11 10:36:58.968  INFO 9568 --- [http-nio-8888-exec-2] com.zaxxer.hikari.HikariDataSource       : HikariPool-1 - Start completed.
2020-03-11 10:38:11.963  INFO 12080 --- [main] com.yu.arksys.ArkSysApplication          : Starting ArkSysApplication on RelcuaZ with PID 12080 (F:\ideaProjs\ArkSys\target\classes started by TravisYT in F:\ideaProjs\ArkSys)
2020-03-11 10:38:11.967  INFO 12080 --- [main] com.yu.arksys.ArkSysApplication          : No active profile set, falling back to default profiles: default
2020-03-11 10:38:12.514  WARN 12080 --- [main] o.m.s.mapper.ClassPathMapperScanner      : No MyBatis mapper was found in '[com.yu.arksys.master.dao]' package. Please check your configuration.
2020-03-11 10:38:13.090  INFO 12080 --- [main] o.s.b.w.embedded.tomcat.TomcatWebServer  : Tomcat initialized with port(s): 8888 (http)
2020-03-11 10:38:13.101  INFO 12080 --- [main] o.apache.catalina.core.StandardService   : Starting service [Tomcat]
2020-03-11 10:38:13.108  INFO 12080 --- [main] org.apache.catalina.core.StandardEngine  : Starting Servlet engine: [Apache Tomcat/9.0.29]
2020-03-11 10:38:13.195  INFO 12080 --- [main] o.a.c.c.C.[Tomcat].[localhost].[/]       : Initializing Spring embedded WebApplicationContext
2020-03-11 10:38:13.196  INFO 12080 --- [main] o.s.web.context.ContextLoader            : Root WebApplicationContext: initialization completed in 1175 ms
2020-03-11 10:38:13.235  INFO 12080 --- [main] com.yu.arksys.service.api.Logger         : ======================= get logger from logger factory =========================
2020-03-11 10:38:13.562  INFO 12080 --- [main] o.s.s.concurrent.ThreadPoolTaskExecutor  : Initializing ExecutorService 'applicationTaskExecutor'
2020-03-11 10:38:13.658  WARN 12080 --- [main] org.thymeleaf.templatemode.TemplateMode  : [THYMELEAF][main] Template Mode 'LEGACYHTML5' is deprecated. Using Template Mode 'HTML' instead.
2020-03-11 10:38:13.745  INFO 12080 --- [main] o.s.b.w.embedded.tomcat.TomcatWebServer  : Tomcat started on port(s): 8888 (http) with context path ''
2020-03-11 10:38:13.748  INFO 12080 --- [main] com.yu.arksys.ArkSysApplication          : Started ArkSysApplication in 2.182 seconds (JVM running for 3.612)
2020-03-11 10:38:15.701  INFO 12080 --- [http-nio-8888-exec-1] o.a.c.c.C.[Tomcat].[localhost].[/]       : Initializing Spring DispatcherServlet 'dispatcherServlet'
2020-03-11 10:38:15.702  INFO 12080 --- [http-nio-8888-exec-1] o.s.web.servlet.DispatcherServlet        : Initializing Servlet 'dispatcherServlet'
2020-03-11 10:38:15.707  INFO 12080 --- [http-nio-8888-exec-1] o.s.web.servlet.DispatcherServlet        : Completed initialization in 5 ms
2020-03-11 10:38:16.339  INFO 12080 --- [http-nio-8888-exec-8] com.zaxxer.hikari.HikariDataSource       : HikariPool-1 - Starting...
2020-03-11 10:38:16.450  INFO 12080 --- [http-nio-8888-exec-8] com.zaxxer.hikari.pool.PoolBase          : HikariPool-1 - Driver does not support get/set network timeout for connections. (com.microsoft.sqlserver.jdbc.SQLServerConnection.getNetworkTimeout()I)
2020-03-11 10:38:16.485  INFO 12080 --- [http-nio-8888-exec-8] com.zaxxer.hikari.HikariDataSource       : HikariPool-1 - Start completed.
2020-03-11 10:47:49.569  INFO 12932 --- [main] com.yu.arksys.ArkSysApplication          : Starting ArkSysApplication on RelcuaZ with PID 12932 (F:\ideaProjs\ArkSys\target\classes started by TravisYT in F:\ideaProjs\ArkSys)
2020-03-11 10:47:49.573  INFO 12932 --- [main] com.yu.arksys.ArkSysApplication          : No active profile set, falling back to default profiles: default
2020-03-11 10:47:50.133  WARN 12932 --- [main] o.m.s.mapper.ClassPathMapperScanner      : No MyBatis mapper was found in '[com.yu.arksys.master.dao]' package. Please check your configuration.
2020-03-11 10:47:50.641  INFO 12932 --- [main] o.s.b.w.embedded.tomcat.TomcatWebServer  : Tomcat initialized with port(s): 8888 (http)
2020-03-11 10:47:50.648  INFO 12932 --- [main] o.apache.catalina.core.StandardService   : Starting service [Tomcat]
2020-03-11 10:47:50.648  INFO 12932 --- [main] org.apache.catalina.core.StandardEngine  : Starting Servlet engine: [Apache Tomcat/9.0.29]
2020-03-11 10:47:50.716  INFO 12932 --- [main] o.a.c.c.C.[Tomcat].[localhost].[/]       : Initializing Spring embedded WebApplicationContext
2020-03-11 10:47:50.716  INFO 12932 --- [main] o.s.web.context.ContextLoader            : Root WebApplicationContext: initialization completed in 1082 ms
2020-03-11 10:47:50.751  INFO 12932 --- [main] com.yu.arksys.service.api.Logger         : ======================= get logger from logger factory =========================
2020-03-11 10:47:51.071  INFO 12932 --- [main] o.s.s.concurrent.ThreadPoolTaskExecutor  : Initializing ExecutorService 'applicationTaskExecutor'
2020-03-11 10:47:51.164  WARN 12932 --- [main] org.thymeleaf.templatemode.TemplateMode  : [THYMELEAF][main] Template Mode 'LEGACYHTML5' is deprecated. Using Template Mode 'HTML' instead.
2020-03-11 10:47:51.248  INFO 12932 --- [main] o.s.b.w.embedded.tomcat.TomcatWebServer  : Tomcat started on port(s): 8888 (http) with context path ''
2020-03-11 10:47:51.250  INFO 12932 --- [main] com.yu.arksys.ArkSysApplication          : Started ArkSysApplication in 2.074 seconds (JVM running for 3.521)
2020-03-11 10:47:59.478  INFO 12932 --- [http-nio-8888-exec-1] o.a.c.c.C.[Tomcat].[localhost].[/]       : Initializing Spring DispatcherServlet 'dispatcherServlet'
2020-03-11 10:47:59.479  INFO 12932 --- [http-nio-8888-exec-1] o.s.web.servlet.DispatcherServlet        : Initializing Servlet 'dispatcherServlet'
2020-03-11 10:47:59.485  INFO 12932 --- [http-nio-8888-exec-1] o.s.web.servlet.DispatcherServlet        : Completed initialization in 6 ms
2020-03-11 10:48:00.168  INFO 12932 --- [http-nio-8888-exec-7] com.zaxxer.hikari.HikariDataSource       : HikariPool-1 - Starting...
2020-03-11 10:48:00.251  INFO 12932 --- [http-nio-8888-exec-7] com.zaxxer.hikari.pool.PoolBase          : HikariPool-1 - Driver does not support get/set network timeout for connections. (com.microsoft.sqlserver.jdbc.SQLServerConnection.getNetworkTimeout()I)
2020-03-11 10:48:00.282  INFO 12932 --- [http-nio-8888-exec-7] com.zaxxer.hikari.HikariDataSource       : HikariPool-1 - Start completed.
2020-03-11 10:49:53.950  INFO 11036 --- [main] com.yu.arksys.ArkSysApplication          : Starting ArkSysApplication on RelcuaZ with PID 11036 (F:\ideaProjs\ArkSys\target\classes started by TravisYT in F:\ideaProjs\ArkSys)
2020-03-11 10:49:53.953  INFO 11036 --- [main] com.yu.arksys.ArkSysApplication          : No active profile set, falling back to default profiles: default
2020-03-11 10:49:54.505  WARN 11036 --- [main] o.m.s.mapper.ClassPathMapperScanner      : No MyBatis mapper was found in '[com.yu.arksys.master.dao]' package. Please check your configuration.
2020-03-11 10:49:55.192  INFO 11036 --- [main] o.s.b.w.embedded.tomcat.TomcatWebServer  : Tomcat initialized with port(s): 8888 (http)
2020-03-11 10:49:55.200  INFO 11036 --- [main] o.apache.catalina.core.StandardService   : Starting service [Tomcat]
2020-03-11 10:49:55.201  INFO 11036 --- [main] org.apache.catalina.core.StandardEngine  : Starting Servlet engine: [Apache Tomcat/9.0.29]
2020-03-11 10:49:55.281  INFO 11036 --- [main] o.a.c.c.C.[Tomcat].[localhost].[/]       : Initializing Spring embedded WebApplicationContext
2020-03-11 10:49:55.281  INFO 11036 --- [main] o.s.web.context.ContextLoader            : Root WebApplicationContext: initialization completed in 1278 ms
2020-03-11 10:49:55.354  INFO 11036 --- [main] com.yu.arksys.service.api.Logger         : ======================= get logger from logger factory =========================
2020-03-11 10:49:55.718  INFO 11036 --- [main] o.s.s.concurrent.ThreadPoolTaskExecutor  : Initializing ExecutorService 'applicationTaskExecutor'
2020-03-11 10:49:55.812  WARN 11036 --- [main] org.thymeleaf.templatemode.TemplateMode  : [THYMELEAF][main] Template Mode 'LEGACYHTML5' is deprecated. Using Template Mode 'HTML' instead.
2020-03-11 10:49:55.908  INFO 11036 --- [main] o.s.b.w.embedded.tomcat.TomcatWebServer  : Tomcat started on port(s): 8888 (http) with context path ''
2020-03-11 10:49:55.911  INFO 11036 --- [main] com.yu.arksys.ArkSysApplication          : Started ArkSysApplication in 2.365 seconds (JVM running for 4.121)
2020-03-11 10:49:59.479  INFO 11036 --- [http-nio-8888-exec-1] o.a.c.c.C.[Tomcat].[localhost].[/]       : Initializing Spring DispatcherServlet 'dispatcherServlet'
2020-03-11 10:49:59.479  INFO 11036 --- [http-nio-8888-exec-1] o.s.web.servlet.DispatcherServlet        : Initializing Servlet 'dispatcherServlet'
2020-03-11 10:49:59.485  INFO 11036 --- [http-nio-8888-exec-1] o.s.web.servlet.DispatcherServlet        : Completed initialization in 5 ms
2020-03-11 10:49:59.949  INFO 11036 --- [http-nio-8888-exec-2] com.zaxxer.hikari.HikariDataSource       : HikariPool-1 - Starting...
2020-03-11 10:50:00.065  INFO 11036 --- [http-nio-8888-exec-2] com.zaxxer.hikari.pool.PoolBase          : HikariPool-1 - Driver does not support get/set network timeout for connections. (com.microsoft.sqlserver.jdbc.SQLServerConnection.getNetworkTimeout()I)
2020-03-11 10:50:00.104  INFO 11036 --- [http-nio-8888-exec-2] com.zaxxer.hikari.HikariDataSource       : HikariPool-1 - Start completed.
2021-08-04 09:56:34.305  INFO 16852 --- [restartedMain] com.yu.arksys.ArkSysApplication          : Starting ArkSysApplication on LAPTOP-20HQ0J34 with PID 16852 (started by 朱雯均 in C:\Users\朱雯均\IdeaProjects\Ark)
2021-08-04 09:56:34.308  INFO 16852 --- [restartedMain] com.yu.arksys.ArkSysApplication          : No active profile set, falling back to default profiles: default
2021-08-04 09:56:34.347  INFO 16852 --- [restartedMain] .e.DevToolsPropertyDefaultsPostProcessor : Devtools property defaults active! Set 'spring.devtools.add-properties' to 'false' to disable
2021-08-04 09:56:34.347  INFO 16852 --- [restartedMain] .e.DevToolsPropertyDefaultsPostProcessor : For additional web related logging consider setting the 'logging.level.web' property to 'DEBUG'
2021-08-04 09:56:35.195  INFO 16852 --- [restartedMain] o.s.b.w.embedded.tomcat.TomcatWebServer  : Tomcat initialized with port(s): 8889 (https) 8887 (http)
2021-08-04 09:56:35.208  INFO 16852 --- [restartedMain] o.apache.catalina.core.StandardService   : Starting service [Tomcat]
2021-08-04 09:56:35.208  INFO 16852 --- [restartedMain] org.apache.catalina.core.StandardEngine  : Starting Servlet engine: [Apache Tomcat/9.0.29]
2021-08-04 09:56:35.261  INFO 16852 --- [restartedMain] o.a.c.c.C.[Tomcat].[localhost].[/]       : Initializing Spring embedded WebApplicationContext
2021-08-04 09:56:35.261  INFO 16852 --- [restartedMain] o.s.web.context.ContextLoader            : Root WebApplicationContext: initialization completed in 914 ms
2021-08-04 09:56:35.293  INFO 16852 --- [restartedMain] com.yu.arksys.service.api.Logger         : ======================= get logger from logger factory =========================
2021-08-04 09:56:35.574  INFO 16852 --- [restartedMain] o.s.s.concurrent.ThreadPoolTaskExecutor  : Initializing ExecutorService 'applicationTaskExecutor'
2021-08-04 09:56:35.654  WARN 16852 --- [restartedMain] org.thymeleaf.templatemode.TemplateMode  : [THYMELEAF][restartedMain] Template Mode 'LEGACYHTML5' is deprecated. Using Template Mode 'HTML' instead.
2021-08-04 09:56:35.722  INFO 16852 --- [restartedMain] o.s.s.c.ThreadPoolTaskScheduler          : Initializing ExecutorService 'taskScheduler'
2021-08-04 09:56:35.765  INFO 16852 --- [restartedMain] o.s.b.d.a.OptionalLiveReloadServer       : LiveReload server is running on port 35729
2021-08-04 09:56:36.077  INFO 16852 --- [restartedMain] o.s.b.w.embedded.tomcat.TomcatWebServer  : Tomcat started on port(s): 8889 (https) 8887 (http) with context path ''
2021-08-04 09:56:36.080  INFO 16852 --- [restartedMain] com.yu.arksys.ArkSysApplication          : Started ArkSysApplication in 2.171 seconds (JVM running for 3.249)
2021-08-04 10:07:19.180  INFO 16852 --- [https-jsse-nio-8889-exec-2] o.a.c.c.C.[Tomcat].[localhost].[/]       : Initializing Spring DispatcherServlet 'dispatcherServlet'
2021-08-04 10:07:19.180  INFO 16852 --- [https-jsse-nio-8889-exec-2] o.s.web.servlet.DispatcherServlet        : Initializing Servlet 'dispatcherServlet'
2021-08-04 10:07:19.184  INFO 16852 --- [https-jsse-nio-8889-exec-2] o.s.web.servlet.DispatcherServlet        : Completed initialization in 4 ms
2021-08-04 10:07:22.866  INFO 16852 --- [https-jsse-nio-8889-exec-8] com.zaxxer.hikari.HikariDataSource       : HikariPool-1 - Starting...
2021-08-04 10:07:23.004  INFO 16852 --- [https-jsse-nio-8889-exec-8] com.zaxxer.hikari.pool.PoolBase          : HikariPool-1 - Driver does not support get/set network timeout for connections. (com.microsoft.sqlserver.jdbc.SQLServerConnection.getNetworkTimeout()I)
2021-08-04 10:07:23.042  INFO 16852 --- [https-jsse-nio-8889-exec-8] com.zaxxer.hikari.HikariDataSource       : HikariPool-1 - Start completed.
2021-08-04 10:33:11.522  INFO 16852 --- [SpringContextShutdownHook] o.s.s.c.ThreadPoolTaskScheduler          : Shutting down ExecutorService 'taskScheduler'
2021-08-04 10:33:11.523  INFO 16852 --- [SpringContextShutdownHook] o.s.s.concurrent.ThreadPoolTaskExecutor  : Shutting down ExecutorService 'applicationTaskExecutor'
2021-08-04 10:33:11.524  INFO 16852 --- [SpringContextShutdownHook] com.zaxxer.hikari.HikariDataSource       : HikariPool-1 - Shutdown initiated...
2021-08-04 10:33:11.525  INFO 16852 --- [SpringContextShutdownHook] com.zaxxer.hikari.HikariDataSource       : HikariPool-1 - Shutdown completed.
2021-08-04 10:33:16.247  INFO 17308 --- [restartedMain] com.yu.arksys.ArkSysApplication          : Starting ArkSysApplication on LAPTOP-20HQ0J34 with PID 17308 (started by 朱雯均 in C:\Users\朱雯均\IdeaProjects\Ark)
2021-08-04 10:33:16.249  INFO 17308 --- [restartedMain] com.yu.arksys.ArkSysApplication          : No active profile set, falling back to default profiles: default
2021-08-04 10:33:16.281  INFO 17308 --- [restartedMain] .e.DevToolsPropertyDefaultsPostProcessor : Devtools property defaults active! Set 'spring.devtools.add-properties' to 'false' to disable
2021-08-04 10:33:16.282  INFO 17308 --- [restartedMain] .e.DevToolsPropertyDefaultsPostProcessor : For additional web related logging consider setting the 'logging.level.web' property to 'DEBUG'
2021-08-04 10:33:17.096  INFO 17308 --- [restartedMain] o.s.b.w.embedded.tomcat.TomcatWebServer  : Tomcat initialized with port(s): 8889 (https) 8887 (http)
2021-08-04 10:33:17.110  INFO 17308 --- [restartedMain] o.apache.catalina.core.StandardService   : Starting service [Tomcat]
2021-08-04 10:33:17.110  INFO 17308 --- [restartedMain] org.apache.catalina.core.StandardEngine  : Starting Servlet engine: [Apache Tomcat/9.0.29]
2021-08-04 10:33:17.164  INFO 17308 --- [restartedMain] o.a.c.c.C.[Tomcat].[localhost].[/]       : Initializing Spring embedded WebApplicationContext
2021-08-04 10:33:17.164  INFO 17308 --- [restartedMain] o.s.web.context.ContextLoader            : Root WebApplicationContext: initialization completed in 882 ms
2021-08-04 10:33:17.197  INFO 17308 --- [restartedMain] com.yu.arksys.service.api.Logger         : ======================= get logger from logger factory =========================
2021-08-04 10:33:17.468  INFO 17308 --- [restartedMain] o.s.s.concurrent.ThreadPoolTaskExecutor  : Initializing ExecutorService 'applicationTaskExecutor'
2021-08-04 10:33:17.547  WARN 17308 --- [restartedMain] org.thymeleaf.templatemode.TemplateMode  : [THYMELEAF][restartedMain] Template Mode 'LEGACYHTML5' is deprecated. Using Template Mode 'HTML' instead.
2021-08-04 10:33:17.613  INFO 17308 --- [restartedMain] o.s.s.c.ThreadPoolTaskScheduler          : Initializing ExecutorService 'taskScheduler'
2021-08-04 10:33:17.655  INFO 17308 --- [restartedMain] o.s.b.d.a.OptionalLiveReloadServer       : LiveReload server is running on port 35729
2021-08-04 10:33:17.969  INFO 17308 --- [restartedMain] o.s.b.w.embedded.tomcat.TomcatWebServer  : Tomcat started on port(s): 8889 (https) 8887 (http) with context path ''
2021-08-04 10:33:17.972  INFO 17308 --- [restartedMain] com.yu.arksys.ArkSysApplication          : Started ArkSysApplication in 1.973 seconds (JVM running for 2.655)
2021-08-04 10:33:25.600  INFO 17308 --- [https-jsse-nio-8889-exec-8] o.a.c.c.C.[Tomcat].[localhost].[/]       : Initializing Spring DispatcherServlet 'dispatcherServlet'
2021-08-04 10:33:25.601  INFO 17308 --- [https-jsse-nio-8889-exec-8] o.s.web.servlet.DispatcherServlet        : Initializing Servlet 'dispatcherServlet'
2021-08-04 10:33:25.604  INFO 17308 --- [https-jsse-nio-8889-exec-8] o.s.web.servlet.DispatcherServlet        : Completed initialization in 3 ms
2021-08-04 10:33:27.712  INFO 17308 --- [https-jsse-nio-8889-exec-1] com.zaxxer.hikari.HikariDataSource       : HikariPool-1 - Starting...
2021-08-04 10:33:27.816  INFO 17308 --- [https-jsse-nio-8889-exec-1] com.zaxxer.hikari.pool.PoolBase          : HikariPool-1 - Driver does not support get/set network timeout for connections. (com.microsoft.sqlserver.jdbc.SQLServerConnection.getNetworkTimeout()I)
2021-08-04 10:33:27.850  INFO 17308 --- [https-jsse-nio-8889-exec-1] com.zaxxer.hikari.HikariDataSource       : HikariPool-1 - Start completed.
2021-08-04 12:42:04.336  INFO 17308 --- [SpringContextShutdownHook] o.s.s.c.ThreadPoolTaskScheduler          : Shutting down ExecutorService 'taskScheduler'
2021-08-04 12:42:04.337  INFO 17308 --- [SpringContextShutdownHook] o.s.s.concurrent.ThreadPoolTaskExecutor  : Shutting down ExecutorService 'applicationTaskExecutor'
2021-08-04 12:42:04.338  INFO 17308 --- [SpringContextShutdownHook] com.zaxxer.hikari.HikariDataSource       : HikariPool-1 - Shutdown initiated...
2021-08-04 12:42:04.339  INFO 17308 --- [SpringContextShutdownHook] com.zaxxer.hikari.HikariDataSource       : HikariPool-1 - Shutdown completed.
